/home/bala/.cache/pypoetry/virtualenvs/vibration-analysis-btp-VfF25ca8-py3.10/lib/python3.10/site-packages/pytorch_lightning/callbacks/model_checkpoint.py:654: Checkpoint directory results/ckpts exists and is not empty.
LOCAL_RANK: 0 - CUDA_VISIBLE_DEVICES: [0]
â”â”â”â”â”â”³â”â”â”â”â”â”â”â”â”â”â”â”â”â”â”â”â”³â”â”â”â”â”â”â”â”â”â”â”â”â”â”â”â”â”â”â”â”â”â”â”³â”â”â”â”â”â”â”â”â”³â”â”â”â”â”â”â”â”“
â”ƒ[1;35m [0m[1;35m  [0m[1;35m [0mâ”ƒ[1;35m [0m[1;35mName          [0m[1;35m [0mâ”ƒ[1;35m [0m[1;35mType                [0m[1;35m [0mâ”ƒ[1;35m [0m[1;35mParams[0m[1;35m [0mâ”ƒ[1;35m [0m[1;35mMode [0m[1;35m [0mâ”ƒ
â”¡â”â”â”â”â•‡â”â”â”â”â”â”â”â”â”â”â”â”â”â”â”â”â•‡â”â”â”â”â”â”â”â”â”â”â”â”â”â”â”â”â”â”â”â”â”â”â•‡â”â”â”â”â”â”â”â”â•‡â”â”â”â”â”â”â”â”©
â”‚[2m [0m[2m0 [0m[2m [0mâ”‚ model          â”‚ Stage_Classifier     â”‚  1.4 M â”‚ train â”‚
â”‚[2m [0m[2m1 [0m[2m [0mâ”‚ model.model    â”‚ Sequential           â”‚  1.4 M â”‚ train â”‚
â”‚[2m [0m[2m2 [0m[2m [0mâ”‚ model.model.0  â”‚ Linear               â”‚  1.0 M â”‚ train â”‚
â”‚[2m [0m[2m3 [0m[2m [0mâ”‚ model.model.1  â”‚ BatchNorm1d          â”‚  1.6 K â”‚ train â”‚
â”‚[2m [0m[2m4 [0m[2m [0mâ”‚ model.model.2  â”‚ ReLU                 â”‚      0 â”‚ train â”‚
â”‚[2m [0m[2m5 [0m[2m [0mâ”‚ model.model.3  â”‚ Dropout              â”‚      0 â”‚ train â”‚
â”‚[2m [0m[2m6 [0m[2m [0mâ”‚ model.model.4  â”‚ Linear               â”‚  320 K â”‚ train â”‚
â”‚[2m [0m[2m7 [0m[2m [0mâ”‚ model.model.5  â”‚ BatchNorm1d          â”‚    800 â”‚ train â”‚
â”‚[2m [0m[2m8 [0m[2m [0mâ”‚ model.model.6  â”‚ ReLU                 â”‚      0 â”‚ train â”‚
â”‚[2m [0m[2m9 [0m[2m [0mâ”‚ model.model.7  â”‚ Dropout              â”‚      0 â”‚ train â”‚
â”‚[2m [0m[2m10[0m[2m [0mâ”‚ model.model.8  â”‚ Linear               â”‚ 40.1 K â”‚ train â”‚
â”‚[2m [0m[2m11[0m[2m [0mâ”‚ model.model.9  â”‚ BatchNorm1d          â”‚    200 â”‚ train â”‚
â”‚[2m [0m[2m12[0m[2m [0mâ”‚ model.model.10 â”‚ ReLU                 â”‚      0 â”‚ train â”‚
â”‚[2m [0m[2m13[0m[2m [0mâ”‚ model.model.11 â”‚ Dropout              â”‚      0 â”‚ train â”‚
â”‚[2m [0m[2m14[0m[2m [0mâ”‚ model.model.12 â”‚ Linear               â”‚    404 â”‚ train â”‚
â”‚[2m [0m[2m15[0m[2m [0mâ”‚ tr_kappa       â”‚ MulticlassCohenKappa â”‚      0 â”‚ train â”‚
â”‚[2m [0m[2m16[0m[2m [0mâ”‚ val_kappa      â”‚ MulticlassCohenKappa â”‚      0 â”‚ train â”‚
â”‚[2m [0m[2m17[0m[2m [0mâ”‚ tst_kappa      â”‚ MulticlassCohenKappa â”‚      0 â”‚ train â”‚
â”‚[2m [0m[2m18[0m[2m [0mâ”‚ tr_accuracy    â”‚ MulticlassAccuracy   â”‚      0 â”‚ train â”‚
â”‚[2m [0m[2m19[0m[2m [0mâ”‚ val_accuracy   â”‚ MulticlassAccuracy   â”‚      0 â”‚ train â”‚
â”‚[2m [0m[2m20[0m[2m [0mâ”‚ tst_accuracy   â”‚ MulticlassAccuracy   â”‚      0 â”‚ train â”‚
â”‚[2m [0m[2m21[0m[2m [0mâ”‚ criterion      â”‚ CrossEntropyLoss     â”‚      0 â”‚ train â”‚
â””â”€â”€â”€â”€â”´â”€â”€â”€â”€â”€â”€â”€â”€â”€â”€â”€â”€â”€â”€â”€â”€â”´â”€â”€â”€â”€â”€â”€â”€â”€â”€â”€â”€â”€â”€â”€â”€â”€â”€â”€â”€â”€â”€â”€â”´â”€â”€â”€â”€â”€â”€â”€â”€â”´â”€â”€â”€â”€â”€â”€â”€â”˜
[1mTrainable params[0m: 1.4 M
[1mNon-trainable params[0m: 0
[1mTotal params[0m: 1.4 M
[1mTotal estimated model params size (MB)[0m: 5
[1mModules in train mode[0m: 22
[1mModules in eval mode[0m: 0
[2K[37mEpoch 0/19[0m [38;5;237mâ”â”â”â”â”â”â”â”â”â”â”â”â”â”â”â”â”â”â”â”â”â”â”â”â”â”â”â”â”â”â”â”â”â”â”â”â”â”â”â”[0m [37m0/110[0m [33m0:00:00 â€¢ -:--:--[0m [38;5;249m0.00it/s[0m [32mv_num: 3a_3 val_CE_loss: 1.410 val_kappa: 0.000 val_accuracy: 0.113[0m
[?25h
Traceback (most recent call last):
  File "/home/bala/.cache/pypoetry/virtualenvs/vibration-analysis-btp-VfF25ca8-py3.10/lib/python3.10/site-packages/pytorch_lightning/trainer/call.py", line 47, in _call_and_handle_interrupt
    return trainer_fn(*args, **kwargs)
  File "/home/bala/.cache/pypoetry/virtualenvs/vibration-analysis-btp-VfF25ca8-py3.10/lib/python3.10/site-packages/pytorch_lightning/trainer/trainer.py", line 574, in _fit_impl
    self._run(model, ckpt_path=ckpt_path)
  File "/home/bala/.cache/pypoetry/virtualenvs/vibration-analysis-btp-VfF25ca8-py3.10/lib/python3.10/site-packages/pytorch_lightning/trainer/trainer.py", line 981, in _run
    results = self._run_stage()
  File "/home/bala/.cache/pypoetry/virtualenvs/vibration-analysis-btp-VfF25ca8-py3.10/lib/python3.10/site-packages/pytorch_lightning/trainer/trainer.py", line 1025, in _run_stage
    self.fit_loop.run()
  File "/home/bala/.cache/pypoetry/virtualenvs/vibration-analysis-btp-VfF25ca8-py3.10/lib/python3.10/site-packages/pytorch_lightning/loops/fit_loop.py", line 205, in run
    self.advance()
  File "/home/bala/.cache/pypoetry/virtualenvs/vibration-analysis-btp-VfF25ca8-py3.10/lib/python3.10/site-packages/pytorch_lightning/loops/fit_loop.py", line 363, in advance
    self.epoch_loop.run(self._data_fetcher)
  File "/home/bala/.cache/pypoetry/virtualenvs/vibration-analysis-btp-VfF25ca8-py3.10/lib/python3.10/site-packages/pytorch_lightning/loops/training_epoch_loop.py", line 140, in run
    self.advance(data_fetcher)
  File "/home/bala/.cache/pypoetry/virtualenvs/vibration-analysis-btp-VfF25ca8-py3.10/lib/python3.10/site-packages/pytorch_lightning/loops/training_epoch_loop.py", line 250, in advance
    batch_output = self.automatic_optimization.run(trainer.optimizers[0], batch_idx, kwargs)
  File "/home/bala/.cache/pypoetry/virtualenvs/vibration-analysis-btp-VfF25ca8-py3.10/lib/python3.10/site-packages/pytorch_lightning/loops/optimization/automatic.py", line 183, in run
    closure()
  File "/home/bala/.cache/pypoetry/virtualenvs/vibration-analysis-btp-VfF25ca8-py3.10/lib/python3.10/site-packages/pytorch_lightning/loops/optimization/automatic.py", line 144, in __call__
    self._result = self.closure(*args, **kwargs)
  File "/home/bala/.cache/pypoetry/virtualenvs/vibration-analysis-btp-VfF25ca8-py3.10/lib/python3.10/site-packages/torch/utils/_contextlib.py", line 116, in decorate_context
    return func(*args, **kwargs)
  File "/home/bala/.cache/pypoetry/virtualenvs/vibration-analysis-btp-VfF25ca8-py3.10/lib/python3.10/site-packages/pytorch_lightning/loops/optimization/automatic.py", line 129, in closure
    step_output = self._step_fn()
  File "/home/bala/.cache/pypoetry/virtualenvs/vibration-analysis-btp-VfF25ca8-py3.10/lib/python3.10/site-packages/pytorch_lightning/loops/optimization/automatic.py", line 317, in _training_step
    training_step_output = call._call_strategy_hook(trainer, "training_step", *kwargs.values())
  File "/home/bala/.cache/pypoetry/virtualenvs/vibration-analysis-btp-VfF25ca8-py3.10/lib/python3.10/site-packages/pytorch_lightning/trainer/call.py", line 319, in _call_strategy_hook
    output = fn(*args, **kwargs)
  File "/home/bala/.cache/pypoetry/virtualenvs/vibration-analysis-btp-VfF25ca8-py3.10/lib/python3.10/site-packages/pytorch_lightning/strategies/strategy.py", line 390, in training_step
    return self.lightning_module.training_step(*args, **kwargs)
  File "/home/bala/Desktop/sri_krishna/BTP/modelling/stage_classifier/train_eval.py", line 30, in training_step
    self.log(f"train_kappa", self.tr_kappa(y_hat, y), on_epoch=True, on_step=False,prog_bar=True, logger=True)
  File "/home/bala/.cache/pypoetry/virtualenvs/vibration-analysis-btp-VfF25ca8-py3.10/lib/python3.10/site-packages/torch/nn/modules/module.py", line 1736, in _wrapped_call_impl
    return self._call_impl(*args, **kwargs)
  File "/home/bala/.cache/pypoetry/virtualenvs/vibration-analysis-btp-VfF25ca8-py3.10/lib/python3.10/site-packages/torch/nn/modules/module.py", line 1747, in _call_impl
    return forward_call(*args, **kwargs)
  File "/home/bala/.cache/pypoetry/virtualenvs/vibration-analysis-btp-VfF25ca8-py3.10/lib/python3.10/site-packages/torchmetrics/metric.py", line 312, in forward
    self._forward_cache = self._forward_reduce_state_update(*args, **kwargs)
  File "/home/bala/.cache/pypoetry/virtualenvs/vibration-analysis-btp-VfF25ca8-py3.10/lib/python3.10/site-packages/torchmetrics/metric.py", line 381, in _forward_reduce_state_update
    self.update(*args, **kwargs)
  File "/home/bala/.cache/pypoetry/virtualenvs/vibration-analysis-btp-VfF25ca8-py3.10/lib/python3.10/site-packages/torchmetrics/metric.py", line 493, in wrapped_func
    raise err
  File "/home/bala/.cache/pypoetry/virtualenvs/vibration-analysis-btp-VfF25ca8-py3.10/lib/python3.10/site-packages/torchmetrics/metric.py", line 483, in wrapped_func
    update(*args, **kwargs)
  File "/home/bala/.cache/pypoetry/virtualenvs/vibration-analysis-btp-VfF25ca8-py3.10/lib/python3.10/site-packages/torchmetrics/classification/confusion_matrix.py", line 285, in update
    confmat = _multiclass_confusion_matrix_update(preds, target, self.num_classes)
  File "/home/bala/.cache/pypoetry/virtualenvs/vibration-analysis-btp-VfF25ca8-py3.10/lib/python3.10/site-packages/torchmetrics/functional/classification/confusion_matrix.py", line 328, in _multiclass_confusion_matrix_update
    bins = _bincount(unique_mapping, minlength=num_classes**2)
  File "/home/bala/.cache/pypoetry/virtualenvs/vibration-analysis-btp-VfF25ca8-py3.10/lib/python3.10/site-packages/torchmetrics/utilities/data.py", line 207, in _bincount
    return torch.bincount(x, minlength=minlength)
RuntimeError: CUDA error: device-side assert triggered
CUDA kernel errors might be asynchronously reported at some other API call, so the stacktrace below might be incorrect.
For debugging consider passing CUDA_LAUNCH_BLOCKING=1
Compile with `TORCH_USE_CUDA_DSA` to enable device-side assertions.


During handling of the above exception, another exception occurred:

Traceback (most recent call last):
  File "/home/bala/Desktop/sri_krishna/BTP/modelling/stage_classifier/trainer.py", line 35, in <module>
    trainer.fit(model=training_setup  , train_dataloaders=tr_loader,
  File "/home/bala/.cache/pypoetry/virtualenvs/vibration-analysis-btp-VfF25ca8-py3.10/lib/python3.10/site-packages/pytorch_lightning/trainer/trainer.py", line 538, in fit
    call._call_and_handle_interrupt(
  File "/home/bala/.cache/pypoetry/virtualenvs/vibration-analysis-btp-VfF25ca8-py3.10/lib/python3.10/site-packages/pytorch_lightning/trainer/call.py", line 68, in _call_and_handle_interrupt
    trainer._teardown()
  File "/home/bala/.cache/pypoetry/virtualenvs/vibration-analysis-btp-VfF25ca8-py3.10/lib/python3.10/site-packages/pytorch_lightning/trainer/trainer.py", line 1004, in _teardown
    self.strategy.teardown()
  File "/home/bala/.cache/pypoetry/virtualenvs/vibration-analysis-btp-VfF25ca8-py3.10/lib/python3.10/site-packages/pytorch_lightning/strategies/strategy.py", line 535, in teardown
    self.lightning_module.cpu()
  File "/home/bala/.cache/pypoetry/virtualenvs/vibration-analysis-btp-VfF25ca8-py3.10/lib/python3.10/site-packages/lightning_fabric/utilities/device_dtype_mixin.py", line 82, in cpu
    return super().cpu()
  File "/home/bala/.cache/pypoetry/virtualenvs/vibration-analysis-btp-VfF25ca8-py3.10/lib/python3.10/site-packages/torch/nn/modules/module.py", line 1118, in cpu
    return self._apply(lambda t: t.cpu())
  File "/home/bala/.cache/pypoetry/virtualenvs/vibration-analysis-btp-VfF25ca8-py3.10/lib/python3.10/site-packages/torch/nn/modules/module.py", line 900, in _apply
    module._apply(fn)
  File "/home/bala/.cache/pypoetry/virtualenvs/vibration-analysis-btp-VfF25ca8-py3.10/lib/python3.10/site-packages/torch/nn/modules/module.py", line 900, in _apply
    module._apply(fn)
  File "/home/bala/.cache/pypoetry/virtualenvs/vibration-analysis-btp-VfF25ca8-py3.10/lib/python3.10/site-packages/torch/nn/modules/module.py", line 900, in _apply
    module._apply(fn)
  File "/home/bala/.cache/pypoetry/virtualenvs/vibration-analysis-btp-VfF25ca8-py3.10/lib/python3.10/site-packages/torch/nn/modules/module.py", line 927, in _apply
    param_applied = fn(param)
  File "/home/bala/.cache/pypoetry/virtualenvs/vibration-analysis-btp-VfF25ca8-py3.10/lib/python3.10/site-packages/torch/nn/modules/module.py", line 1118, in <lambda>
    return self._apply(lambda t: t.cpu())
RuntimeError: CUDA error: device-side assert triggered
CUDA kernel errors might be asynchronously reported at some other API call, so the stacktrace below might be incorrect.
For debugging consider passing CUDA_LAUNCH_BLOCKING=1
Compile with `TORCH_USE_CUDA_DSA` to enable device-side assertions.
